ERROR:root:FIXME: Unimplemented - put('list', 'A sequence of things - created using []')
ERROR:root:FIXME: Unimplemented - get('list')
INFO:root:Constructing parser
INFO:root:Constructing parser
DEBUG:root:Constructing the subparsers
INFO:root:Constructing parser
DEBUG:root:Constructing the subparsers
INFO:root:Constructing parser
DEBUG:root:Constructing the subparsers
INFO:root:Constructing parser
DEBUG:root:Constructing the subparsers
INFO:root:Constructing parser
DEBUG:root:Constructing the subparsers
INFO:root:Constructing parser
DEBUG:root:Constructing the subparsers
INFO:root:Constructing parser
DEBUG:root:Constructing the subparsers
INFO:root:Constructing parser
DEBUG:root:Constructing the subparsers
INFO:root:Constructing parser
DEBUG:root:Constructing the subparsers
INFO:root:Constructing parser
DEBUG:root:Constructing the subparsers
INFO:root:Constructing parser
DEBUG:root:Constructing the subparsers
ERROR:root:FIXME: Unimplemented - put('list', 'A sequence of things - created using []')
INFO:root:Constructing parser
DEBUG:root:Constructing the subparsers
INFO:root:Constructing parser
DEBUG:root:Constructing the subparsers
INFO:root:Constructing parser
DEBUG:root:Constructing the subparsers
ERROR:root:FIXME: Unimplemented - get('list')
INFO:root:Constructing parser
DEBUG:root:Constructing the subparsers
ERROR:root:FIXME: Unimplemented - get('list')
INFO:root:Constructing parser
DEBUG:root:Constructing the subparsers
INFO:root:Constructing parser
DEBUG:root:Constructing the subparsers
ERROR:root:FIXME: Unimplemented - get('test')
INFO:root:Constructing parser
DEBUG:root:Constructing the subparsers
ERROR:root:FIXME: Unimplemented - put('test1', 'Another test')
INFO:root:Constructing parser
DEBUG:root:Constructing the subparsers
ERROR:root:FIXME: Unimplemented - get('test1')
INFO:root:Constructing parser
DEBUG:root:Constructing put subparser
ERROR:root:FIXME: Unimplemented - get('test1')
INFO:root:Constructing parser
DEBUG:root:Constructing put subparser
ERROR:root:FIXME: Unimplemented - get('test1')
INFO:root:Constructing parser
DEBUG:root:Constructing put subparser
ERROR:root:FIXME: Unimplemented - get('test1')
INFO:root:Constructing parser
DEBUG:root:Constructing put subparser
ERROR:root:FIXME: Unimplemented - get('test1')
INFO:root:Constructing parser
DEBUG:root:Constructing put subparser
ERROR:root:FIXME: Unimplemented - get('test1')
INFO:root:Constructing parser
DEBUG:root:Constructing put subparser
ERROR:root:FIXME: Unimplemented - put('test1', 'Another test')
INFO:root:Constructing parser
DEBUG:root:Constructing put subparser
ERROR:root:FIXME: Unimplemented - get('test1')
INFO:root:Constructing parser
DEBUG:root:Constructing put subparser
ERROR:root:FIXME: Unimplemented - put('test1', 'Another test')
INFO:root:Constructing parser
DEBUG:root:Constructing put subparser
ERROR:root:FIXME: Unimplemented - get('test1')
DEBUG:root:Connecting to PostgreSQL
DEBUG:root:Database connection established.
INFO:root:Constructing parser
DEBUG:root:Constructing put subparser
INFO:root:Storing snippet 'Test': 'This is a test snippet'
DEBUG:root:Snippet stored successfully.
DEBUG:root:Connecting to PostgreSQL
DEBUG:root:Database connection established.
INFO:root:Constructing parser
DEBUG:root:Constructing put subparser
INFO:root:Retrieving name 'Test'
DEBUG:root:Connecting to PostgreSQL
DEBUG:root:Database connection established.
INFO:root:Constructing parser
DEBUG:root:Constructing put subparser
INFO:root:Retrieving name 'Test'
DEBUG:root:Connecting to PostgreSQL
DEBUG:root:Database connection established.
INFO:root:Constructing parser
DEBUG:root:Constructing put subparser
INFO:root:Retrieving name 'Test'
DEBUG:root:Connecting to PostgreSQL
DEBUG:root:Database connection established.
INFO:root:Constructing parser
DEBUG:root:Constructing put subparser
INFO:root:Retrieving snippet 'Test'
DEBUG:root:Connecting to PostgreSQL
DEBUG:root:Database connection established.
INFO:root:Constructing parser
DEBUG:root:Constructing put subparser
INFO:root:Storing snippet 'Test': 'This is a test snippet'
DEBUG:root:Connecting to PostgreSQL
DEBUG:root:Database connection established.
INFO:root:Constructing parser
DEBUG:root:Constructing put subparser
INFO:root:Retrieving snippet 'Test'
DEBUG:root:Connecting to PostgreSQL
DEBUG:root:Database connection established.
INFO:root:Constructing parser
DEBUG:root:Constructing put subparser
INFO:root:Retrieving snippet 'Test'
DEBUG:root:Connecting to PostgreSQL
DEBUG:root:Database connection established.
INFO:root:Constructing parser
DEBUG:root:Constructing put subparser
INFO:root:Retrieving snippet 'Test'
DEBUG:root:Connecting to PostgreSQL
DEBUG:root:Database connection established.
INFO:root:Constructing parser
DEBUG:root:Constructing put subparser
INFO:root:Retrieving snippet 'Test'
DEBUG:root:Snippet retrieved successfully.
DEBUG:root:Connecting to PostgreSQL
DEBUG:root:Database connection established.
INFO:root:Constructing parser
DEBUG:root:Constructing put subparser
INFO:root:Retrieving name 'Test'
DEBUG:root:Snippet retrieved successfully.
DEBUG:root:Connecting to PostgreSQL
DEBUG:root:Database connection established.
INFO:root:Constructing parser
DEBUG:root:Constructing put subparser
INFO:root:Retrieving snippet 'Test'
DEBUG:root:Snippet retrieved successfully.
DEBUG:root:Connecting to PostgreSQL
DEBUG:root:Database connection established.
INFO:root:Constructing parser
DEBUG:root:Constructing put subparser
INFO:root:Retrieving snippet 'Test'
DEBUG:root:Snippet retrieved successfully.
DEBUG:root:Connecting to PostgreSQL
DEBUG:root:Database connection established.
INFO:root:Constructing parser
DEBUG:root:Constructing put subparser
INFO:root:Retrieving snippet 'Test'
DEBUG:root:Snippet retrieved successfully.
DEBUG:root:Connecting to PostgreSQL
DEBUG:root:Database connection established.
INFO:root:Constructing parser
DEBUG:root:Constructing put subparser
INFO:root:Retrieving snippet 'Test'
DEBUG:root:Snippet retrieved successfully.
